INFO:    Starting build...
Getting image source signatures
Copying blob sha256:2ab09b027e7f3a0c2e8bb1944ac46de38cebab7145f0bd6effebfe5492c818b6
Copying config sha256:08d22c0ceb150ddeb2237c5fa3129c0183f3cc6f5eeb2e7aa4016da3ad02140a
Writing manifest to image destination
Storing signatures
2023/04/14 09:52:07  info unpack layer: sha256:2ab09b027e7f3a0c2e8bb1944ac46de38cebab7145f0bd6effebfe5492c818b6
INFO:    Copying configs to /planner/configs
INFO:    Copying images to /planner/images
INFO:    Copying plan.py to /planner/plan.py
INFO:    Copying run-portfolio.py to /planner/run-portfolio.py
INFO:    Copying portfolio_driver to /planner/portfolio_driver
INFO:    Copying learners/explainable_planner_selection/run.py to /planner/run.py
INFO:    Copying learners/explainable_planner_selection/requirements.txt to /planner/requirements.txt
INFO:    Copying learners/explainable_planner_selection/src to /planner/src
INFO:    Copying learners/explainable_planner_selection/models to /planner/models
INFO:    Copying learners/explainable_planner_selection/feature_extractor to /planner/feature_extractor
INFO:    Running post scriptlet
+ apt-get update
+ apt-get -y install --no-install-recommends gpg-agent python3.11 python3-pip python3.11-venv software-properties-common
debconf: delaying package configuration, since apt-utils is not installed
+ add-apt-repository -y ppa:apptainer/ppa
+ apt-get update
+ apt-get install -y apptainer
debconf: delaying package configuration, since apt-utils is not installed
+ apt-get -y autoremove gpg-agent software-properties-common
+ apt-get clean
+ rm -rf /var/lib/apt/lists/archive.ubuntu.com_ubuntu_dists_jammy-backports_InRelease /var/lib/apt/lists/archive.ubuntu.com_ubuntu_dists_jammy-backports_main_binary-amd64_Packages.lz4 /var/lib/apt/lists/archive.ubuntu.com_ubuntu_dists_jammy-backports_universe_binary-amd64_Packages.lz4 /var/lib/apt/lists/archive.ubuntu.com_ubuntu_dists_jammy-updates_InRelease /var/lib/apt/lists/archive.ubuntu.com_ubuntu_dists_jammy-updates_main_binary-amd64_Packages.lz4 /var/lib/apt/lists/archive.ubuntu.com_ubuntu_dists_jammy-updates_multiverse_binary-amd64_Packages.lz4 /var/lib/apt/lists/archive.ubuntu.com_ubuntu_dists_jammy-updates_restricted_binary-amd64_Packages.lz4 /var/lib/apt/lists/archive.ubuntu.com_ubuntu_dists_jammy-updates_universe_binary-amd64_Packages.lz4 /var/lib/apt/lists/archive.ubuntu.com_ubuntu_dists_jammy_InRelease /var/lib/apt/lists/archive.ubuntu.com_ubuntu_dists_jammy_main_binary-amd64_Packages.lz4 /var/lib/apt/lists/archive.ubuntu.com_ubuntu_dists_jammy_multiverse_binary-amd64_Packages.lz4 /var/lib/apt/lists/archive.ubuntu.com_ubuntu_dists_jammy_restricted_binary-amd64_Packages.lz4 /var/lib/apt/lists/archive.ubuntu.com_ubuntu_dists_jammy_universe_binary-amd64_Packages.lz4 /var/lib/apt/lists/auxfiles /var/lib/apt/lists/lock /var/lib/apt/lists/partial /var/lib/apt/lists/ppa.launchpadcontent.net_apptainer_ppa_ubuntu_dists_jammy_InRelease /var/lib/apt/lists/ppa.launchpadcontent.net_apptainer_ppa_ubuntu_dists_jammy_main_binary-amd64_Packages.lz4 /var/lib/apt/lists/security.ubuntu.com_ubuntu_dists_jammy-security_InRelease /var/lib/apt/lists/security.ubuntu.com_ubuntu_dists_jammy-security_main_binary-amd64_Packages.lz4 /var/lib/apt/lists/security.ubuntu.com_ubuntu_dists_jammy-security_multiverse_binary-amd64_Packages.lz4 /var/lib/apt/lists/security.ubuntu.com_ubuntu_dists_jammy-security_restricted_binary-amd64_Packages.lz4 /var/lib/apt/lists/security.ubuntu.com_ubuntu_dists_jammy-security_universe_binary-amd64_Packages.lz4
+ pip3 install -r /planner/requirements.txt
WARNING: Running pip as the 'root' user can result in broken permissions and conflicting behaviour with the system package manager. It is recommended to use a virtual environment instead: https://pip.pypa.io/warnings/venv
INFO:    Adding labels
INFO:    Adding runscript
INFO:    Creating SIF file...
INFO:    Build complete: /tmp/hapori_epsdt_agl.img
