INFO:    Starting build...
Getting image source signatures
Copying blob sha256:2ab09b027e7f3a0c2e8bb1944ac46de38cebab7145f0bd6effebfe5492c818b6
Copying config sha256:08d22c0ceb150ddeb2237c5fa3129c0183f3cc6f5eeb2e7aa4016da3ad02140a
Writing manifest to image destination
Storing signatures
2023/03/27 10:50:12  info unpack layer: sha256:2ab09b027e7f3a0c2e8bb1944ac46de38cebab7145f0bd6effebfe5492c818b6
INFO:    Copying planners/odin to /planners/odin
INFO:    Copying planners/scorpion to /planners/scorpion
INFO:    Running post scriptlet
+ apt-get update
+ apt-get -y install --no-install-recommends cmake g++ make python3.11 autoconf automake pypy3
debconf: delaying package configuration, since apt-utils is not installed
+ cd /planners/odin
+ pypy3 build.py
configure.ac:131: warning: The macro `AC_TRY_RUN' is obsolete.
configure.ac:131: You should run autoupdate.
./lib/autoconf/general.m4:2997: AC_TRY_RUN is expanded from...
lib/m4sugar/m4sh.m4:692: _AS_IF_ELSE is expanded from...
lib/m4sugar/m4sh.m4:699: AS_IF is expanded from...
./lib/autoconf/general.m4:2249: AC_CACHE_VAL is expanded from...
configure.ac:131: the top level
/planners/odin/src/search/../dd_libs/cudd-3.0.0/configure: line 8347: /usr/bin/file: No such file or directory
configure: WARNING: Doxygen not found - continuing without Doxygen support
configure: WARNING: pdflatex not found - unable to compile manual to PDF
configure: WARNING: makeindex not found - unable to compile manual to PDF
make[3]: warning: jobserver unavailable: using -j1.  Add '+' to parent make rule.
ar: `u' modifier ignored since `D' is the default (see `U')
ar: `u' modifier ignored since `D' is the default (see `U')
+ cd /planners/scorpion
+ pypy3 build.py
+ strip --strip-all /planners/odin/builds/release/bin/downward /planners/odin/builds/release/bin/preprocess-h2
+ strip --strip-all /planners/scorpion/builds/release/bin/downward /planners/scorpion/builds/release/bin/preprocess-h2
Getting image source signatures
Copying blob sha256:2ab09b027e7f3a0c2e8bb1944ac46de38cebab7145f0bd6effebfe5492c818b6
Copying config sha256:08d22c0ceb150ddeb2237c5fa3129c0183f3cc6f5eeb2e7aa4016da3ad02140a
Writing manifest to image destination
Storing signatures
2023/03/27 10:58:30  info unpack layer: sha256:2ab09b027e7f3a0c2e8bb1944ac46de38cebab7145f0bd6effebfe5492c818b6
INFO:    Copying /planners/odin/driver to 
INFO:    Copying /planners/odin/fast-downward.py to 
INFO:    Copying /planners/odin/builds/release/bin to 
INFO:    Copying /planners/scorpion/driver to 
INFO:    Copying /planners/scorpion/fast-downward.py to 
INFO:    Copying /planners/scorpion/builds/release/bin to 
INFO:    Copying /planners/scorpion/src/translate to 
INFO:    Copying dispatch.py to /dispatch.py
INFO:    Copying plan.py to /plan.py
INFO:    Copying driver to /driver
INFO:    Running post scriptlet
+ apt-get update
+ apt-get -y install --no-install-recommends pypy3
debconf: delaying package configuration, since apt-utils is not installed
+ apt-get clean
+ rm -rf /var/lib/apt/lists/archive.ubuntu.com_ubuntu_dists_jammy-backports_InRelease /var/lib/apt/lists/archive.ubuntu.com_ubuntu_dists_jammy-backports_main_binary-amd64_Packages.lz4 /var/lib/apt/lists/archive.ubuntu.com_ubuntu_dists_jammy-backports_universe_binary-amd64_Packages.lz4 /var/lib/apt/lists/archive.ubuntu.com_ubuntu_dists_jammy-updates_InRelease /var/lib/apt/lists/archive.ubuntu.com_ubuntu_dists_jammy-updates_main_binary-amd64_Packages.lz4 /var/lib/apt/lists/archive.ubuntu.com_ubuntu_dists_jammy-updates_multiverse_binary-amd64_Packages.lz4 /var/lib/apt/lists/archive.ubuntu.com_ubuntu_dists_jammy-updates_restricted_binary-amd64_Packages.lz4 /var/lib/apt/lists/archive.ubuntu.com_ubuntu_dists_jammy-updates_universe_binary-amd64_Packages.lz4 /var/lib/apt/lists/archive.ubuntu.com_ubuntu_dists_jammy_InRelease /var/lib/apt/lists/archive.ubuntu.com_ubuntu_dists_jammy_main_binary-amd64_Packages.lz4 /var/lib/apt/lists/archive.ubuntu.com_ubuntu_dists_jammy_multiverse_binary-amd64_Packages.lz4 /var/lib/apt/lists/archive.ubuntu.com_ubuntu_dists_jammy_restricted_binary-amd64_Packages.lz4 /var/lib/apt/lists/archive.ubuntu.com_ubuntu_dists_jammy_universe_binary-amd64_Packages.lz4 /var/lib/apt/lists/auxfiles /var/lib/apt/lists/lock /var/lib/apt/lists/partial /var/lib/apt/lists/security.ubuntu.com_ubuntu_dists_jammy-security_InRelease /var/lib/apt/lists/security.ubuntu.com_ubuntu_dists_jammy-security_main_binary-amd64_Packages.lz4 /var/lib/apt/lists/security.ubuntu.com_ubuntu_dists_jammy-security_multiverse_binary-amd64_Packages.lz4 /var/lib/apt/lists/security.ubuntu.com_ubuntu_dists_jammy-security_restricted_binary-amd64_Packages.lz4 /var/lib/apt/lists/security.ubuntu.com_ubuntu_dists_jammy-security_universe_binary-amd64_Packages.lz4
INFO:    Adding labels
INFO:    Adding runscript
INFO:    Creating SIF file...
INFO:    Build complete: /tmp/odin.img
