INFO:    Starting build...
Getting image source signatures
Copying blob sha256:837dd4791cdc6f670708c3a570b72169263806d7ccc2783173b9e88f94878271
Copying config sha256:1f6ddc1b2547b2e38dc25b265ac585238a3c23da63976722864dab2a069c74f4
Writing manifest to image destination
Storing signatures
2023/06/10 10:18:33  info unpack layer: sha256:837dd4791cdc6f670708c3a570b72169263806d7ccc2783173b9e88f94878271
INFO:    Copying . to /planner
INFO:    Running post scriptlet
+ apt-get update
+ apt-get -y install --no-install-recommends cmake g++ make pypy3
debconf: delaying package configuration, since apt-utils is not installed
+ rm -rf /planner/builds
+ cd /planner
+ pypy3 build.py
+ strip --strip-all /planner/builds/release/bin/downward
Getting image source signatures
Copying blob sha256:837dd4791cdc6f670708c3a570b72169263806d7ccc2783173b9e88f94878271
Copying config sha256:1f6ddc1b2547b2e38dc25b265ac585238a3c23da63976722864dab2a069c74f4
Writing manifest to image destination
Storing signatures
2023/06/10 10:23:15  info unpack layer: sha256:837dd4791cdc6f670708c3a570b72169263806d7ccc2783173b9e88f94878271
INFO:    Copying /planner/driver to 
INFO:    Copying /planner/fast-downward.py to 
INFO:    Copying /planner/builds/release/bin to 
INFO:    Copying /planner/ext/clingo to 
INFO:    Running post scriptlet
+ apt-get update
+ apt-get -y install --no-install-recommends pypy3
debconf: delaying package configuration, since apt-utils is not installed
+ rm -rf /var/lib/apt/lists/archive.ubuntu.com_ubuntu_dists_jammy-backports_InRelease /var/lib/apt/lists/archive.ubuntu.com_ubuntu_dists_jammy-backports_main_binary-amd64_Packages.lz4 /var/lib/apt/lists/archive.ubuntu.com_ubuntu_dists_jammy-backports_universe_binary-amd64_Packages.lz4 /var/lib/apt/lists/archive.ubuntu.com_ubuntu_dists_jammy-updates_InRelease /var/lib/apt/lists/archive.ubuntu.com_ubuntu_dists_jammy-updates_main_binary-amd64_Packages.lz4 /var/lib/apt/lists/archive.ubuntu.com_ubuntu_dists_jammy-updates_multiverse_binary-amd64_Packages.lz4 /var/lib/apt/lists/archive.ubuntu.com_ubuntu_dists_jammy-updates_restricted_binary-amd64_Packages.lz4 /var/lib/apt/lists/archive.ubuntu.com_ubuntu_dists_jammy-updates_universe_binary-amd64_Packages.lz4 /var/lib/apt/lists/archive.ubuntu.com_ubuntu_dists_jammy_InRelease /var/lib/apt/lists/archive.ubuntu.com_ubuntu_dists_jammy_main_binary-amd64_Packages.lz4 /var/lib/apt/lists/archive.ubuntu.com_ubuntu_dists_jammy_multiverse_binary-amd64_Packages.lz4 /var/lib/apt/lists/archive.ubuntu.com_ubuntu_dists_jammy_restricted_binary-amd64_Packages.lz4 /var/lib/apt/lists/archive.ubuntu.com_ubuntu_dists_jammy_universe_binary-amd64_Packages.lz4 /var/lib/apt/lists/auxfiles /var/lib/apt/lists/lock /var/lib/apt/lists/partial /var/lib/apt/lists/security.ubuntu.com_ubuntu_dists_jammy-security_InRelease /var/lib/apt/lists/security.ubuntu.com_ubuntu_dists_jammy-security_main_binary-amd64_Packages.lz4 /var/lib/apt/lists/security.ubuntu.com_ubuntu_dists_jammy-security_multiverse_binary-amd64_Packages.lz4 /var/lib/apt/lists/security.ubuntu.com_ubuntu_dists_jammy-security_restricted_binary-amd64_Packages.lz4 /var/lib/apt/lists/security.ubuntu.com_ubuntu_dists_jammy-security_universe_binary-amd64_Packages.lz4
INFO:    Adding labels
INFO:    Adding environment to container
INFO:    Adding runscript
INFO:    Creating SIF file...
INFO:    Build complete: /tmp/maidu_sat.img
