INFO:    Starting build...
Getting image source signatures
Copying blob sha256:2ab09b027e7f3a0c2e8bb1944ac46de38cebab7145f0bd6effebfe5492c818b6
Copying config sha256:08d22c0ceb150ddeb2237c5fa3129c0183f3cc6f5eeb2e7aa4016da3ad02140a
Writing manifest to image destination
Storing signatures
2023/03/27 10:44:57  info unpack layer: sha256:2ab09b027e7f3a0c2e8bb1944ac46de38cebab7145f0bd6effebfe5492c818b6
INFO:    Copying . to /planner
INFO:    Running post scriptlet
+ apt-get update
+ apt-get -y install --no-install-recommends cmake g++ make pypy3
debconf: delaying package configuration, since apt-utils is not installed
+ rm -rf /planner/builds
+ cd /planner
+ pypy3 build.py
+ strip --strip-all /planner/builds/release/bin/downward /planner/builds/release/bin/preprocess-h2
Getting image source signatures
Copying blob sha256:2ab09b027e7f3a0c2e8bb1944ac46de38cebab7145f0bd6effebfe5492c818b6
Copying config sha256:08d22c0ceb150ddeb2237c5fa3129c0183f3cc6f5eeb2e7aa4016da3ad02140a
Writing manifest to image destination
Storing signatures
2023/03/27 10:49:27  info unpack layer: sha256:2ab09b027e7f3a0c2e8bb1944ac46de38cebab7145f0bd6effebfe5492c818b6
INFO:    Copying /planner/driver to 
INFO:    Copying /planner/fast-downward.py to 
INFO:    Copying /planner/builds/release/bin to 
INFO:    Running post scriptlet
+ apt-get update
+ apt-get -y install --no-install-recommends pypy3
debconf: delaying package configuration, since apt-utils is not installed
+ rm -rf /var/lib/apt/lists/archive.ubuntu.com_ubuntu_dists_jammy-backports_InRelease /var/lib/apt/lists/archive.ubuntu.com_ubuntu_dists_jammy-backports_main_binary-amd64_Packages.lz4 /var/lib/apt/lists/archive.ubuntu.com_ubuntu_dists_jammy-backports_universe_binary-amd64_Packages.lz4 /var/lib/apt/lists/archive.ubuntu.com_ubuntu_dists_jammy-updates_InRelease /var/lib/apt/lists/archive.ubuntu.com_ubuntu_dists_jammy-updates_main_binary-amd64_Packages.lz4 /var/lib/apt/lists/archive.ubuntu.com_ubuntu_dists_jammy-updates_multiverse_binary-amd64_Packages.lz4 /var/lib/apt/lists/archive.ubuntu.com_ubuntu_dists_jammy-updates_restricted_binary-amd64_Packages.lz4 /var/lib/apt/lists/archive.ubuntu.com_ubuntu_dists_jammy-updates_universe_binary-amd64_Packages.lz4 /var/lib/apt/lists/archive.ubuntu.com_ubuntu_dists_jammy_InRelease /var/lib/apt/lists/archive.ubuntu.com_ubuntu_dists_jammy_main_binary-amd64_Packages.lz4 /var/lib/apt/lists/archive.ubuntu.com_ubuntu_dists_jammy_multiverse_binary-amd64_Packages.lz4 /var/lib/apt/lists/archive.ubuntu.com_ubuntu_dists_jammy_restricted_binary-amd64_Packages.lz4 /var/lib/apt/lists/archive.ubuntu.com_ubuntu_dists_jammy_universe_binary-amd64_Packages.lz4 /var/lib/apt/lists/auxfiles /var/lib/apt/lists/lock /var/lib/apt/lists/partial /var/lib/apt/lists/security.ubuntu.com_ubuntu_dists_jammy-security_InRelease /var/lib/apt/lists/security.ubuntu.com_ubuntu_dists_jammy-security_main_binary-amd64_Packages.lz4 /var/lib/apt/lists/security.ubuntu.com_ubuntu_dists_jammy-security_multiverse_binary-amd64_Packages.lz4 /var/lib/apt/lists/security.ubuntu.com_ubuntu_dists_jammy-security_restricted_binary-amd64_Packages.lz4 /var/lib/apt/lists/security.ubuntu.com_ubuntu_dists_jammy-security_universe_binary-amd64_Packages.lz4
INFO:    Adding labels
INFO:    Adding runscript
INFO:    Creating SIF file...
INFO:    Build complete: /tmp/spock.img
