INFO:    Starting build...
Getting image source signatures
Copying blob sha256:2ab09b027e7f3a0c2e8bb1944ac46de38cebab7145f0bd6effebfe5492c818b6
Copying config sha256:08d22c0ceb150ddeb2237c5fa3129c0183f3cc6f5eeb2e7aa4016da3ad02140a
Writing manifest to image destination
Storing signatures
2023/03/27 11:49:34  info unpack layer: sha256:2ab09b027e7f3a0c2e8bb1944ac46de38cebab7145f0bd6effebfe5492c818b6
INFO:    Copying . to /planner
INFO:    Running post scriptlet
+ apt-get update
+ apt-get -y install --no-install-recommends cmake g++ make pypy3
debconf: delaying package configuration, since apt-utils is not installed
+ rm -rf /planner/builds
+ cd /planner
+ pypy3 build.py ipc2023
CMake Deprecation Warning at CMakeLists.txt:31 (cmake_minimum_required):
  Compatibility with CMake < 2.8.12 will be removed from a future version of
  CMake.

  Update the VERSION argument <min> value or use a ...<max> suffix to tell
  CMake that the project does not need compatibility with older versions.


CMake Deprecation Warning at search/CMakeLists.txt:1 (cmake_minimum_required):
  Compatibility with CMake < 2.8.12 will be removed from a future version of
  CMake.

  Update the VERSION argument <min> value or use a ...<max> suffix to tell
  CMake that the project does not need compatibility with older versions.


+ strip --strip-all /planner/builds/ipc2023/bin/downward1
strip: '/planner/builds/ipc2023/bin/downward1': No such file
FATAL:   While performing build: while running engine: exit status 1
mv: cannot stat '/tmp/opcount4sat_sat.img': No such file or directory
