INFO:    Starting build...
Getting image source signatures
Copying blob sha256:fb15d46c38dcd1ea0b1990006c3366ecd10c79d374f341687eb2cb23a2c8672e
Copying blob sha256:58690f9b18fca6469a14da4e212c96849469f9b1be6661d2342a4bf01774aa50
Copying blob sha256:b51569e7c50720acf6860327847fe342a1afbe148d24c529fb81df105e3eed01
Copying blob sha256:da8ef40b9ecabc2679fe2419957220c0272a965c5cf7e0269fa1aeeb8c56f2e1
Copying config sha256:a19b95490ca5a60cd7d1fbeec41cd03da618683602f81f5d2a96ab5f50cbb520
Writing manifest to image destination
Storing signatures
2023/03/28 13:26:45  info unpack layer: sha256:58690f9b18fca6469a14da4e212c96849469f9b1be6661d2342a4bf01774aa50
2023/03/28 13:26:45  warn rootless{dev/agpgart} creating empty file in place of device 10:175
2023/03/28 13:26:45  warn rootless{dev/audio} creating empty file in place of device 14:4
2023/03/28 13:26:45  warn rootless{dev/audio1} creating empty file in place of device 14:20
2023/03/28 13:26:45  warn rootless{dev/audio2} creating empty file in place of device 14:36
2023/03/28 13:26:45  warn rootless{dev/audio3} creating empty file in place of device 14:52
2023/03/28 13:26:45  warn rootless{dev/audioctl} creating empty file in place of device 14:7
2023/03/28 13:26:45  warn rootless{dev/console} creating empty file in place of device 5:1
2023/03/28 13:26:45  warn rootless{dev/dsp} creating empty file in place of device 14:3
2023/03/28 13:26:45  warn rootless{dev/dsp1} creating empty file in place of device 14:19
2023/03/28 13:26:45  warn rootless{dev/dsp2} creating empty file in place of device 14:35
2023/03/28 13:26:45  warn rootless{dev/dsp3} creating empty file in place of device 14:51
2023/03/28 13:26:45  warn rootless{dev/full} creating empty file in place of device 1:7
2023/03/28 13:26:45  warn rootless{dev/kmem} creating empty file in place of device 1:2
2023/03/28 13:26:45  warn rootless{dev/loop0} creating empty file in place of device 7:0
2023/03/28 13:26:45  warn rootless{dev/loop1} creating empty file in place of device 7:1
2023/03/28 13:26:45  warn rootless{dev/loop2} creating empty file in place of device 7:2
2023/03/28 13:26:45  warn rootless{dev/loop3} creating empty file in place of device 7:3
2023/03/28 13:26:45  warn rootless{dev/loop4} creating empty file in place of device 7:4
2023/03/28 13:26:45  warn rootless{dev/loop5} creating empty file in place of device 7:5
2023/03/28 13:26:45  warn rootless{dev/loop6} creating empty file in place of device 7:6
2023/03/28 13:26:45  warn rootless{dev/loop7} creating empty file in place of device 7:7
2023/03/28 13:26:45  warn rootless{dev/mem} creating empty file in place of device 1:1
2023/03/28 13:26:45  warn rootless{dev/midi0} creating empty file in place of device 35:0
2023/03/28 13:26:45  warn rootless{dev/midi00} creating empty file in place of device 14:2
2023/03/28 13:26:45  warn rootless{dev/midi01} creating empty file in place of device 14:18
2023/03/28 13:26:45  warn rootless{dev/midi02} creating empty file in place of device 14:34
2023/03/28 13:26:45  warn rootless{dev/midi03} creating empty file in place of device 14:50
2023/03/28 13:26:45  warn rootless{dev/midi1} creating empty file in place of device 35:1
2023/03/28 13:26:45  warn rootless{dev/midi2} creating empty file in place of device 35:2
2023/03/28 13:26:45  warn rootless{dev/midi3} creating empty file in place of device 35:3
2023/03/28 13:26:45  warn rootless{dev/mixer} creating empty file in place of device 14:0
2023/03/28 13:26:45  warn rootless{dev/mixer1} creating empty file in place of device 14:16
2023/03/28 13:26:45  warn rootless{dev/mixer2} creating empty file in place of device 14:32
2023/03/28 13:26:45  warn rootless{dev/mixer3} creating empty file in place of device 14:48
2023/03/28 13:26:45  warn rootless{dev/mpu401data} creating empty file in place of device 31:0
2023/03/28 13:26:45  warn rootless{dev/mpu401stat} creating empty file in place of device 31:1
2023/03/28 13:26:45  warn rootless{dev/null} creating empty file in place of device 1:3
2023/03/28 13:26:45  warn rootless{dev/port} creating empty file in place of device 1:4
2023/03/28 13:26:45  warn rootless{dev/ram0} creating empty file in place of device 1:0
2023/03/28 13:26:45  warn rootless{dev/ram1} creating empty file in place of device 1:1
2023/03/28 13:26:45  warn rootless{dev/ram10} creating empty file in place of device 1:10
2023/03/28 13:26:45  warn rootless{dev/ram11} creating empty file in place of device 1:11
2023/03/28 13:26:45  warn rootless{dev/ram12} creating empty file in place of device 1:12
2023/03/28 13:26:45  warn rootless{dev/ram13} creating empty file in place of device 1:13
2023/03/28 13:26:45  warn rootless{dev/ram14} creating empty file in place of device 1:14
2023/03/28 13:26:45  warn rootless{dev/ram15} creating empty file in place of device 1:15
2023/03/28 13:26:45  warn rootless{dev/ram16} creating empty file in place of device 1:16
2023/03/28 13:26:45  warn rootless{dev/ram2} creating empty file in place of device 1:2
2023/03/28 13:26:45  warn rootless{dev/ram3} creating empty file in place of device 1:3
2023/03/28 13:26:45  warn rootless{dev/ram4} creating empty file in place of device 1:4
2023/03/28 13:26:45  warn rootless{dev/ram5} creating empty file in place of device 1:5
2023/03/28 13:26:45  warn rootless{dev/ram6} creating empty file in place of device 1:6
2023/03/28 13:26:45  warn rootless{dev/ram7} creating empty file in place of device 1:7
2023/03/28 13:26:45  warn rootless{dev/ram8} creating empty file in place of device 1:8
2023/03/28 13:26:45  warn rootless{dev/ram9} creating empty file in place of device 1:9
2023/03/28 13:26:45  warn rootless{dev/random} creating empty file in place of device 1:8
2023/03/28 13:26:45  warn rootless{dev/rmidi0} creating empty file in place of device 35:64
2023/03/28 13:26:45  warn rootless{dev/rmidi1} creating empty file in place of device 35:65
2023/03/28 13:26:45  warn rootless{dev/rmidi2} creating empty file in place of device 35:66
2023/03/28 13:26:45  warn rootless{dev/rmidi3} creating empty file in place of device 35:67
2023/03/28 13:26:45  warn rootless{dev/sequencer} creating empty file in place of device 14:1
2023/03/28 13:26:45  warn rootless{dev/smpte0} creating empty file in place of device 35:128
2023/03/28 13:26:45  warn rootless{dev/smpte1} creating empty file in place of device 35:129
2023/03/28 13:26:45  warn rootless{dev/smpte2} creating empty file in place of device 35:130
2023/03/28 13:26:45  warn rootless{dev/smpte3} creating empty file in place of device 35:131
2023/03/28 13:26:45  warn rootless{dev/sndstat} creating empty file in place of device 14:6
2023/03/28 13:26:45  warn rootless{dev/tty} creating empty file in place of device 5:0
2023/03/28 13:26:45  warn rootless{dev/tty0} creating empty file in place of device 4:0
2023/03/28 13:26:45  warn rootless{dev/tty1} creating empty file in place of device 4:1
2023/03/28 13:26:45  warn rootless{dev/tty2} creating empty file in place of device 4:2
2023/03/28 13:26:45  warn rootless{dev/tty3} creating empty file in place of device 4:3
2023/03/28 13:26:45  warn rootless{dev/tty4} creating empty file in place of device 4:4
2023/03/28 13:26:45  warn rootless{dev/tty5} creating empty file in place of device 4:5
2023/03/28 13:26:45  warn rootless{dev/tty6} creating empty file in place of device 4:6
2023/03/28 13:26:45  warn rootless{dev/tty7} creating empty file in place of device 4:7
2023/03/28 13:26:45  warn rootless{dev/tty8} creating empty file in place of device 4:8
2023/03/28 13:26:45  warn rootless{dev/tty9} creating empty file in place of device 4:9
2023/03/28 13:26:45  warn rootless{dev/urandom} creating empty file in place of device 1:9
2023/03/28 13:26:45  warn rootless{dev/zero} creating empty file in place of device 1:5
2023/03/28 13:26:46  info unpack layer: sha256:b51569e7c50720acf6860327847fe342a1afbe148d24c529fb81df105e3eed01
2023/03/28 13:26:46  info unpack layer: sha256:da8ef40b9ecabc2679fe2419957220c0272a965c5cf7e0269fa1aeeb8c56f2e1
2023/03/28 13:26:46  info unpack layer: sha256:fb15d46c38dcd1ea0b1990006c3366ecd10c79d374f341687eb2cb23a2c8672e
INFO:    Copying . to 
INFO:    Running post scriptlet
+ apt-get update
+ apt-get -y install cmake make python autotools-dev automake g++-5 gcc-5 g++-multilib
debconf: delaying package configuration, since apt-utils is not installed
+ ./build.py release64 -j6
libcudd 64-bits build
configure: WARNING: Doxygen not found - continuing without Doxygen support
configure: WARNING: pdflatex not found - unable to compile manual to PDF
configure: WARNING: makeindex not found - unable to compile manual to PDF
make[3]: warning: jobserver unavailable: using -j1.  Add '+' to parent make rule.
ar: `u' modifier ignored since `D' is the default (see `U')
ar: `u' modifier ignored since `D' is the default (see `U')
Getting image source signatures
Copying blob sha256:fb15d46c38dcd1ea0b1990006c3366ecd10c79d374f341687eb2cb23a2c8672e
Copying blob sha256:58690f9b18fca6469a14da4e212c96849469f9b1be6661d2342a4bf01774aa50
Copying blob sha256:b51569e7c50720acf6860327847fe342a1afbe148d24c529fb81df105e3eed01
Copying blob sha256:da8ef40b9ecabc2679fe2419957220c0272a965c5cf7e0269fa1aeeb8c56f2e1
Copying config sha256:a19b95490ca5a60cd7d1fbeec41cd03da618683602f81f5d2a96ab5f50cbb520
Writing manifest to image destination
Storing signatures
2023/03/28 13:39:42  info unpack layer: sha256:58690f9b18fca6469a14da4e212c96849469f9b1be6661d2342a4bf01774aa50
2023/03/28 13:39:42  warn rootless{dev/agpgart} creating empty file in place of device 10:175
2023/03/28 13:39:42  warn rootless{dev/audio} creating empty file in place of device 14:4
2023/03/28 13:39:42  warn rootless{dev/audio1} creating empty file in place of device 14:20
2023/03/28 13:39:42  warn rootless{dev/audio2} creating empty file in place of device 14:36
2023/03/28 13:39:42  warn rootless{dev/audio3} creating empty file in place of device 14:52
2023/03/28 13:39:42  warn rootless{dev/audioctl} creating empty file in place of device 14:7
2023/03/28 13:39:42  warn rootless{dev/console} creating empty file in place of device 5:1
2023/03/28 13:39:42  warn rootless{dev/dsp} creating empty file in place of device 14:3
2023/03/28 13:39:42  warn rootless{dev/dsp1} creating empty file in place of device 14:19
2023/03/28 13:39:42  warn rootless{dev/dsp2} creating empty file in place of device 14:35
2023/03/28 13:39:42  warn rootless{dev/dsp3} creating empty file in place of device 14:51
2023/03/28 13:39:42  warn rootless{dev/full} creating empty file in place of device 1:7
2023/03/28 13:39:42  warn rootless{dev/kmem} creating empty file in place of device 1:2
2023/03/28 13:39:42  warn rootless{dev/loop0} creating empty file in place of device 7:0
2023/03/28 13:39:42  warn rootless{dev/loop1} creating empty file in place of device 7:1
2023/03/28 13:39:42  warn rootless{dev/loop2} creating empty file in place of device 7:2
2023/03/28 13:39:42  warn rootless{dev/loop3} creating empty file in place of device 7:3
2023/03/28 13:39:42  warn rootless{dev/loop4} creating empty file in place of device 7:4
2023/03/28 13:39:42  warn rootless{dev/loop5} creating empty file in place of device 7:5
2023/03/28 13:39:42  warn rootless{dev/loop6} creating empty file in place of device 7:6
2023/03/28 13:39:42  warn rootless{dev/loop7} creating empty file in place of device 7:7
2023/03/28 13:39:42  warn rootless{dev/mem} creating empty file in place of device 1:1
2023/03/28 13:39:42  warn rootless{dev/midi0} creating empty file in place of device 35:0
2023/03/28 13:39:42  warn rootless{dev/midi00} creating empty file in place of device 14:2
2023/03/28 13:39:42  warn rootless{dev/midi01} creating empty file in place of device 14:18
2023/03/28 13:39:42  warn rootless{dev/midi02} creating empty file in place of device 14:34
2023/03/28 13:39:42  warn rootless{dev/midi03} creating empty file in place of device 14:50
2023/03/28 13:39:42  warn rootless{dev/midi1} creating empty file in place of device 35:1
2023/03/28 13:39:42  warn rootless{dev/midi2} creating empty file in place of device 35:2
2023/03/28 13:39:42  warn rootless{dev/midi3} creating empty file in place of device 35:3
2023/03/28 13:39:42  warn rootless{dev/mixer} creating empty file in place of device 14:0
2023/03/28 13:39:42  warn rootless{dev/mixer1} creating empty file in place of device 14:16
2023/03/28 13:39:42  warn rootless{dev/mixer2} creating empty file in place of device 14:32
2023/03/28 13:39:42  warn rootless{dev/mixer3} creating empty file in place of device 14:48
2023/03/28 13:39:42  warn rootless{dev/mpu401data} creating empty file in place of device 31:0
2023/03/28 13:39:42  warn rootless{dev/mpu401stat} creating empty file in place of device 31:1
2023/03/28 13:39:42  warn rootless{dev/null} creating empty file in place of device 1:3
2023/03/28 13:39:42  warn rootless{dev/port} creating empty file in place of device 1:4
2023/03/28 13:39:42  warn rootless{dev/ram0} creating empty file in place of device 1:0
2023/03/28 13:39:42  warn rootless{dev/ram1} creating empty file in place of device 1:1
2023/03/28 13:39:42  warn rootless{dev/ram10} creating empty file in place of device 1:10
2023/03/28 13:39:42  warn rootless{dev/ram11} creating empty file in place of device 1:11
2023/03/28 13:39:42  warn rootless{dev/ram12} creating empty file in place of device 1:12
2023/03/28 13:39:42  warn rootless{dev/ram13} creating empty file in place of device 1:13
2023/03/28 13:39:42  warn rootless{dev/ram14} creating empty file in place of device 1:14
2023/03/28 13:39:42  warn rootless{dev/ram15} creating empty file in place of device 1:15
2023/03/28 13:39:42  warn rootless{dev/ram16} creating empty file in place of device 1:16
2023/03/28 13:39:42  warn rootless{dev/ram2} creating empty file in place of device 1:2
2023/03/28 13:39:42  warn rootless{dev/ram3} creating empty file in place of device 1:3
2023/03/28 13:39:42  warn rootless{dev/ram4} creating empty file in place of device 1:4
2023/03/28 13:39:42  warn rootless{dev/ram5} creating empty file in place of device 1:5
2023/03/28 13:39:42  warn rootless{dev/ram6} creating empty file in place of device 1:6
2023/03/28 13:39:42  warn rootless{dev/ram7} creating empty file in place of device 1:7
2023/03/28 13:39:42  warn rootless{dev/ram8} creating empty file in place of device 1:8
2023/03/28 13:39:42  warn rootless{dev/ram9} creating empty file in place of device 1:9
2023/03/28 13:39:42  warn rootless{dev/random} creating empty file in place of device 1:8
2023/03/28 13:39:42  warn rootless{dev/rmidi0} creating empty file in place of device 35:64
2023/03/28 13:39:42  warn rootless{dev/rmidi1} creating empty file in place of device 35:65
2023/03/28 13:39:42  warn rootless{dev/rmidi2} creating empty file in place of device 35:66
2023/03/28 13:39:42  warn rootless{dev/rmidi3} creating empty file in place of device 35:67
2023/03/28 13:39:42  warn rootless{dev/sequencer} creating empty file in place of device 14:1
2023/03/28 13:39:42  warn rootless{dev/smpte0} creating empty file in place of device 35:128
2023/03/28 13:39:42  warn rootless{dev/smpte1} creating empty file in place of device 35:129
2023/03/28 13:39:42  warn rootless{dev/smpte2} creating empty file in place of device 35:130
2023/03/28 13:39:42  warn rootless{dev/smpte3} creating empty file in place of device 35:131
2023/03/28 13:39:42  warn rootless{dev/sndstat} creating empty file in place of device 14:6
2023/03/28 13:39:42  warn rootless{dev/tty} creating empty file in place of device 5:0
2023/03/28 13:39:42  warn rootless{dev/tty0} creating empty file in place of device 4:0
2023/03/28 13:39:42  warn rootless{dev/tty1} creating empty file in place of device 4:1
2023/03/28 13:39:42  warn rootless{dev/tty2} creating empty file in place of device 4:2
2023/03/28 13:39:42  warn rootless{dev/tty3} creating empty file in place of device 4:3
2023/03/28 13:39:42  warn rootless{dev/tty4} creating empty file in place of device 4:4
2023/03/28 13:39:42  warn rootless{dev/tty5} creating empty file in place of device 4:5
2023/03/28 13:39:42  warn rootless{dev/tty6} creating empty file in place of device 4:6
2023/03/28 13:39:42  warn rootless{dev/tty7} creating empty file in place of device 4:7
2023/03/28 13:39:42  warn rootless{dev/tty8} creating empty file in place of device 4:8
2023/03/28 13:39:42  warn rootless{dev/tty9} creating empty file in place of device 4:9
2023/03/28 13:39:42  warn rootless{dev/urandom} creating empty file in place of device 1:9
2023/03/28 13:39:42  warn rootless{dev/zero} creating empty file in place of device 1:5
2023/03/28 13:39:44  info unpack layer: sha256:b51569e7c50720acf6860327847fe342a1afbe148d24c529fb81df105e3eed01
2023/03/28 13:39:44  info unpack layer: sha256:da8ef40b9ecabc2679fe2419957220c0272a965c5cf7e0269fa1aeeb8c56f2e1
2023/03/28 13:39:44  info unpack layer: sha256:fb15d46c38dcd1ea0b1990006c3366ecd10c79d374f341687eb2cb23a2c8672e
INFO:    Copying fast-downward.py to 
INFO:    Copying builds/ to 
INFO:    Copying driver to 
INFO:    Running post scriptlet
+ apt-get update
+ apt-get -y install python-minimal
debconf: delaying package configuration, since apt-utils is not installed
+ rm -rf /var/lib/apt/lists/archive.ubuntu.com_ubuntu_dists_xenial-backports_InRelease /var/lib/apt/lists/archive.ubuntu.com_ubuntu_dists_xenial-backports_main_binary-amd64_Packages.lz4 /var/lib/apt/lists/archive.ubuntu.com_ubuntu_dists_xenial-backports_universe_binary-amd64_Packages.lz4 /var/lib/apt/lists/archive.ubuntu.com_ubuntu_dists_xenial-updates_InRelease /var/lib/apt/lists/archive.ubuntu.com_ubuntu_dists_xenial-updates_main_binary-amd64_Packages.lz4 /var/lib/apt/lists/archive.ubuntu.com_ubuntu_dists_xenial-updates_multiverse_binary-amd64_Packages.lz4 /var/lib/apt/lists/archive.ubuntu.com_ubuntu_dists_xenial-updates_restricted_binary-amd64_Packages.lz4 /var/lib/apt/lists/archive.ubuntu.com_ubuntu_dists_xenial-updates_universe_binary-amd64_Packages.lz4 /var/lib/apt/lists/archive.ubuntu.com_ubuntu_dists_xenial_InRelease /var/lib/apt/lists/archive.ubuntu.com_ubuntu_dists_xenial_main_binary-amd64_Packages.lz4 /var/lib/apt/lists/archive.ubuntu.com_ubuntu_dists_xenial_multiverse_binary-amd64_Packages.lz4 /var/lib/apt/lists/archive.ubuntu.com_ubuntu_dists_xenial_restricted_binary-amd64_Packages.lz4 /var/lib/apt/lists/archive.ubuntu.com_ubuntu_dists_xenial_universe_binary-amd64_Packages.lz4 /var/lib/apt/lists/lock /var/lib/apt/lists/partial /var/lib/apt/lists/security.ubuntu.com_ubuntu_dists_xenial-security_InRelease /var/lib/apt/lists/security.ubuntu.com_ubuntu_dists_xenial-security_main_binary-amd64_Packages.lz4 /var/lib/apt/lists/security.ubuntu.com_ubuntu_dists_xenial-security_multiverse_binary-amd64_Packages.lz4 /var/lib/apt/lists/security.ubuntu.com_ubuntu_dists_xenial-security_restricted_binary-amd64_Packages.lz4 /var/lib/apt/lists/security.ubuntu.com_ubuntu_dists_xenial-security_universe_binary-amd64_Packages.lz4
INFO:    Adding labels
INFO:    Adding runscript
INFO:    Creating SIF file...
INFO:    Build complete: /tmp/complementary.img
